  a_main.c
C:\Users\User\Desktop\갓생헬퍼 최종\GodSaengHelper\GodSaengHelper\a_main.c(26,8): warning C4778: 'scanf' : 서식 문자열 '%'이(가) 종결되지 않았습니다.
C:\Users\User\Desktop\갓생헬퍼 최종\GodSaengHelper\GodSaengHelper\a_main.c(26,13): warning C4474: 'scanf' : 서식 문자열에 전달된 인수가 너무 많습니다.
  C:\Users\User\Desktop\갓생헬퍼 최종\GodSaengHelper\GodSaengHelper\a_main.c(26,13):
  자리 표시자 및 해당 매개 변수에는 variadic 인수가 0개 필요하지만 1개가 제공되었습니다.
  
C:\Users\User\Desktop\갓생헬퍼 최종\GodSaengHelper\GodSaengHelper\a_main.c(38,17): warning C4013: 'startDayOfMonth'이(가) 정의되지 않았습니다. extern은 int형을 반환하는 것으로 간주합니다.
C:\Users\User\Desktop\갓생헬퍼 최종\GodSaengHelper\GodSaengHelper\a_main.c(46,3): warning C4013: 'showCalender'이(가) 정의되지 않았습니다. extern은 int형을 반환하는 것으로 간주합니다.
C:\Users\User\Desktop\갓생헬퍼 최종\GodSaengHelper\GodSaengHelper\a_main.c(60,4): warning C4013: 'choiceDay'이(가) 정의되지 않았습니다. extern은 int형을 반환하는 것으로 간주합니다.
  diary.c
C:\Users\User\Desktop\갓생헬퍼 최종\GodSaengHelper\GodSaengHelper\diary.c(69,13): warning C4013: 'Sleep'이(가) 정의되지 않았습니다. extern은 int형을 반환하는 것으로 간주합니다.
C:\Users\User\Desktop\갓생헬퍼 최종\GodSaengHelper\GodSaengHelper\diary.c(119,10): warning C4101: 'eFileName' :참조되지 않은 지역 변수입니다.
  lastDayOfMonth.c
C:\Users\User\Desktop\갓생헬퍼 최종\GodSaengHelper\GodSaengHelper\lastDayOfMonth.c(3,6): warning C4101: 'lastDay' :참조되지 않은 지역 변수입니다.
  password.c
C:\Users\User\Desktop\갓생헬퍼 최종\GodSaengHelper\GodSaengHelper\password.c(112,13): warning C4033: 'checkPassword'은(는) 값을 반환해야 합니다.
C:\Users\User\Desktop\갓생헬퍼 최종\GodSaengHelper\GodSaengHelper\password.c(165,5): warning C4013: 'Sleep'이(가) 정의되지 않았습니다. extern은 int형을 반환하는 것으로 간주합니다.
C:\Users\User\Desktop\갓생헬퍼 최종\GodSaengHelper\GodSaengHelper\password.c(175,12): warning C4129: ' ': 문자 이스케이프 시퀀스를 인식할 수 없습니다.
  showCalender.c
C:\Users\User\Desktop\갓생헬퍼 최종\GodSaengHelper\GodSaengHelper\showCalender.c(37,20): warning C4013: 'lastDayOfMonth'이(가) 정의되지 않았습니다. extern은 int형을 반환하는 것으로 간주합니다.
  startDayOfMonth.c
  choiceDay.c
C:\Users\User\Desktop\갓생헬퍼 최종\GodSaengHelper\GodSaengHelper\choiceDay.c(10,5): warning C4013: 'system'이(가) 정의되지 않았습니다. extern은 int형을 반환하는 것으로 간주합니다.
C:\Users\User\Desktop\갓생헬퍼 최종\GodSaengHelper\GodSaengHelper\choiceDay.c(40,22): warning C4098: 'todoListWrite': 'void' 함수에서 값을 반환하고 있습니다.
C:\Users\User\Desktop\갓생헬퍼 최종\GodSaengHelper\GodSaengHelper\choiceDay.c(58,22): warning C4098: 'todoListWrite': 'void' 함수에서 값을 반환하고 있습니다.
C:\Users\User\Desktop\갓생헬퍼 최종\GodSaengHelper\GodSaengHelper\choiceDay.c(82,22): warning C4098: 'todoSimpleRead': 'void' 함수에서 값을 반환하고 있습니다.
C:\Users\User\Desktop\갓생헬퍼 최종\GodSaengHelper\GodSaengHelper\choiceDay.c(99,13): warning C4098: 'todoSimpleRead': 'void' 함수에서 값을 반환하고 있습니다.
C:\Users\User\Desktop\갓생헬퍼 최종\GodSaengHelper\GodSaengHelper\choiceDay.c(225,37): warning C4047: '함수': 'todoList *'의 간접 참조 수준이 'todoList **'과(와) 다릅니다.
C:\Users\User\Desktop\갓생헬퍼 최종\GodSaengHelper\GodSaengHelper\choiceDay.c(225,37): warning C4024: 'todoListWrite': 형식 및 실제 매개 변수 2의 형식이 서로 다릅니다.
C:\Users\User\Desktop\갓생헬퍼 최종\GodSaengHelper\GodSaengHelper\choiceDay.c(227,13): warning C4013: 'Sleep'이(가) 정의되지 않았습니다. extern은 int형을 반환하는 것으로 간주합니다.
C:\Users\User\Desktop\갓생헬퍼 최종\GodSaengHelper\GodSaengHelper\choiceDay.c(235,42): warning C4047: '함수': 'todoList *'의 간접 참조 수준이 'todoList **'과(와) 다릅니다.
C:\Users\User\Desktop\갓생헬퍼 최종\GodSaengHelper\GodSaengHelper\choiceDay.c(235,42): warning C4024: 'deleteTodoList': 형식 및 실제 매개 변수 2의 형식이 서로 다릅니다.
C:\Users\User\Desktop\갓생헬퍼 최종\GodSaengHelper\GodSaengHelper\choiceDay.c(247,44): warning C4047: '함수': 'todoList *'의 간접 참조 수준이 'todoList **'과(와) 다릅니다.
C:\Users\User\Desktop\갓생헬퍼 최종\GodSaengHelper\GodSaengHelper\choiceDay.c(247,44): warning C4024: 'completeTodoList': 형식 및 실제 매개 변수 2의 형식이 서로 다릅니다.
C:\Users\User\Desktop\갓생헬퍼 최종\GodSaengHelper\GodSaengHelper\choiceDay.c(261,91): warning C4029: 선언된 정식 매개 변수 목록이 정의와 다릅니다.
  코드를 생성하고 있습니다...
C:\Users\User\Desktop\갓생헬퍼 최종\GodSaengHelper\GodSaengHelper\password.c(123,1): warning C4715: 'checkPassword': 모든 제어 경로에서 값을 반환하지는 않습니다.
  GodSaengHelper.vcxproj -> C:\Users\User\Desktop\갓생헬퍼 최종\GodSaengHelper\x64\Debug\GodSaengHelper.exe
